\BOOKMARK [1][-]{section.1}{\376\377\000E\000i\000n\000l\000e\000i\000t\000u\000n\000g}{}% 1
\BOOKMARK [1][-]{section.2}{\376\377\000I\000d\000e\000e\000\040\000u\000n\000d\000\040\000Z\000i\000e\000l\000s\000e\000t\000z\000u\000n\000g}{}% 2
\BOOKMARK [1][-]{section.3}{\376\377\000S\000i\000g\000n\000a\000l\000v\000e\000r\000a\000r\000b\000e\000i\000t\000u\000n\000g}{}% 3
\BOOKMARK [2][-]{subsection.3.1}{\376\377\000W\000A\000V\000\040\000F\000o\000r\000m\000a\000t\000\040\000\040\000b\000r\000L\000i\000b\000W\000a\000v\000\040\000S\000a\000p\000p}{section.3}% 4
\BOOKMARK [2][-]{subsection.3.2}{\376\377\000N\000y\000q\000u\000i\000s\000t}{section.3}% 5
\BOOKMARK [2][-]{subsection.3.3}{\376\377\000F\000o\000u\000r\000i\000e\000r\000t\000r\000a\000n\000s\000f\000o\000r\000m\000a\000t\000i\000o\000n}{section.3}% 6
\BOOKMARK [1][-]{section.4}{\376\377\000C\000U\000D\000A}{}% 7
\BOOKMARK [2][-]{subsection.4.1}{\376\377\000W\000a\000s\000\040\000i\000s\000t\000\040\000C\000U\000D\000A}{section.4}% 8
\BOOKMARK [2][-]{subsection.4.2}{\376\377\000V\000o\000r\000t\000e\000i\000l\000e\000\040\000u\000n\000d\000\040\000A\000n\000w\000e\000n\000d\000u\000n\000g\000s\000g\000e\000b\000i\000e\000t\000e}{section.4}% 9
\BOOKMARK [2][-]{subsection.4.3}{\376\377\000A\000n\000w\000e\000n\000d\000u\000n\000g\000s\000f\000a\000l\000l\000\040\000N\000V\000I\000D\000I\000A\000\040\000G\000e\000F\000o\000r\000c\000e\000\040\000G\000T\000X\000\040\0001\0000\0008\0000}{section.4}% 10
\BOOKMARK [1][-]{section.5}{\376\377\000T\000e\000i\000l\000p\000r\000o\000j\000e\000k\000t\000:\000\040\000"\000P\000a\000r\000a\000l\000l\000e\000l\000e\000\040\000F\000o\000u\000r\000i\000e\000r\000a\000n\000a\000l\000y\000s\000e\000\040\000m\000i\000t\000\040\000C\000U\000D\000A\000"}{}% 11
\BOOKMARK [2][-]{subsection.5.1}{\376\377\000\334\000b\000e\000r\000b\000l\000i\000c\000k}{section.5}% 12
\BOOKMARK [2][-]{subsection.5.2}{\376\377\000S\000t\000r\000e\000a\000m\000W\000r\000i\000t\000e\000r\000\050\000C\000/\000C\000+\000+\000\051}{section.5}% 13
\BOOKMARK [2][-]{subsection.5.3}{\376\377\000C\000o\000d\000e\000\040\000A\000r\000c\000h\000i\000t\000e\000k\000t\000u\000r}{section.5}% 14
\BOOKMARK [3][-]{subsubsection.5.3.1}{\376\377\000S\000t\000r\000e\000a\000m\000W\000r\000i\000t\000e\000r}{subsection.5.3}% 15
\BOOKMARK [3][-]{subsubsection.5.3.2}{\376\377\000A\000u\000d\000i\000o\000T\000r\000a\000c\000e\000r}{subsection.5.3}% 16
\BOOKMARK [3][-]{subsubsection.5.3.3}{\376\377\000A\000u\000d\000i\000o\000T\000r\000a\000c\000e\000r\000\040\000\050\000P\000y\000t\000h\000o\000n\000\051}{subsection.5.3}% 17
\BOOKMARK [3][-]{subsubsection.5.3.4}{\376\377\000B\000o\000k\000e\000h\000\040\000S\000e\000r\000v\000e\000r\000\040\000z\000u\000r\000\040\000L\000i\000v\000e\000v\000i\000s\000u\000a\000l\000i\000s\000i\000e\000r\000u\000n\000g}{subsection.5.3}% 18
\BOOKMARK [1][-]{section.6}{\376\377\000E\000r\000g\000e\000b\000n\000i\000s\000s\000e}{}% 19
\BOOKMARK [2][-]{subsection.6.1}{\376\377\000A\000u\000d\000i\000o\000T\000r\000a\000c\000e\000r\000\040\000C}{section.6}% 20
\BOOKMARK [2][-]{subsection.6.2}{\376\377\000A\000u\000d\000i\000o\000T\000r\000a\000c\000e\000r\000\040\000P\000y\000t\000h\000o\000n}{section.6}% 21
\BOOKMARK [2][-]{subsection.6.3}{\376\377\000V\000e\000r\000g\000l\000e\000i\000c\000h\000\040\000d\000e\000r\000\040\000T\000e\000s\000t\000r\000e\000i\000h\000e\000n}{section.6}% 22
\BOOKMARK [1][-]{section.7}{\376\377\000T\000e\000i\000l\000p\000r\000o\000j\000e\000k\000t\000:\000\040\000"\000A\000u\000d\000i\000o\000p\000a\000r\000c\000o\000u\000r\000s\000\040\000m\000i\000t\000\040\000C\000U\000D\000A\000"}{}% 23
\BOOKMARK [2][-]{subsection.7.1}{\376\377\000\334\000b\000e\000r\000b\000l\000i\000c\000k}{section.7}% 24
\BOOKMARK [2][-]{subsection.7.2}{\376\377\000C\000o\000d\000e\000\040\000A\000r\000c\000h\000i\000t\000e\000k\000t\000u\000r}{section.7}% 25
\BOOKMARK [2][-]{subsection.7.3}{\376\377\000E\000r\000g\000e\000b\000n\000i\000s\000s\000e}{section.7}% 26
\BOOKMARK [1][-]{section.8}{\376\377\000S\000k\000a\000l\000i\000e\000r\000b\000a\000r\000k\000e\000i\000t}{}% 27
\BOOKMARK [1][-]{section.9}{\376\377\000Z\000u\000s\000a\000m\000m\000e\000n\000f\000a\000s\000s\000u\000n\000g}{}% 28
\BOOKMARK [1][-]{section.10}{\376\377\000A\000u\000s\000b\000l\000i\000c\000k}{}% 29
\BOOKMARK [1][-]{section.11}{\376\377\000E\000i\000g\000e\000n\000s\000t\000\344\000n\000d\000i\000g\000k\000e\000i\000t\000s\000e\000r\000k\000l\000\344\000r\000u\000n\000g}{}% 30
